<?xml version="1.0" encoding="UTF-8"?>
<robot generator="Robot 4.1.3 (Python 3.9.7 on win32)" generated="20220308 20:10:39.670" rpa="false" schemaversion="2">
<suite id="s1" name="Search" source="C:\Users\sarsharm11\PycharmProjects\first-script\Search.robot">
<test id="s1-t1" name="User to open page">
<kw name="Open Browser" library="SeleniumLibrary">
<arg>${URL}</arg>
<arg>${BROWSER}</arg>
<doc>Opens a new browser instance to the optional ``url``.</doc>
<msg timestamp="20220308 20:10:39.858" level="INFO">Opening browser 'chrome' to base url 'https://www.google.com'.</msg>
<status status="PASS" starttime="20220308 20:10:39.858" endtime="20220308 20:10:47.557"/>
</kw>
<kw name="Wait Until Page Contains" library="SeleniumLibrary">
<arg>${url}</arg>
<doc>Waits until ``text`` appears on the current page.</doc>
<status status="PASS" starttime="20220308 20:10:47.558" endtime="20220308 20:10:47.572"/>
</kw>
<kw name="Close Browser" library="SeleniumLibrary">
<doc>Closes the current browser.</doc>
<status status="PASS" starttime="20220308 20:10:47.572" endtime="20220308 20:10:49.693"/>
</kw>
<doc>As a user I can open the google search page</doc>
<status status="PASS" starttime="20220308 20:10:39.857" endtime="20220308 20:10:49.694"/>
</test>
<test id="s1-t2" name="User to enter text in the Search box">
<kw name="Open Browser" library="SeleniumLibrary">
<arg>${URL}</arg>
<arg>${browser}</arg>
<doc>Opens a new browser instance to the optional ``url``.</doc>
<msg timestamp="20220308 20:10:49.701" level="INFO">Opening browser 'chrome' to base url 'https://www.google.com'.</msg>
<status status="PASS" starttime="20220308 20:10:49.700" endtime="20220308 20:10:56.796"/>
</kw>
<kw name="Wait Until Page Contains" library="SeleniumLibrary">
<arg>${URL}</arg>
<doc>Waits until ``text`` appears on the current page.</doc>
<status status="PASS" starttime="20220308 20:10:56.796" endtime="20220308 20:10:56.872"/>
</kw>
<kw name="Input Text" library="SeleniumLibrary">
<arg>${text}</arg>
<arg>Python</arg>
<doc>Types the given ``text`` into the text field identified by ``locator``.</doc>
<msg timestamp="20220308 20:10:56.874" level="INFO">Typing text 'Python' into text field 'xpath=//input[@title="Search"]'.</msg>
<status status="PASS" starttime="20220308 20:10:56.873" endtime="20220308 20:10:56.969"/>
</kw>
<kw name="Press Keys" library="SeleniumLibrary">
<arg>${text}</arg>
<arg>RETURN</arg>
<doc>Simulates the user pressing key(s) to an element or on the active browser.</doc>
<msg timestamp="20220308 20:10:56.970" level="INFO">Sending key(s) ('RETURN',) to xpath=//input[@title="Search"] element.</msg>
<msg timestamp="20220308 20:10:57.277" level="INFO">Pressing special key RETURN to element.</msg>
<msg timestamp="20220308 20:10:57.277" level="INFO">Releasing special key RETURN.</msg>
<status status="PASS" starttime="20220308 20:10:56.969" endtime="20220308 20:11:01.920"/>
</kw>
<kw name="Wait Until Page Contains" library="SeleniumLibrary">
<arg>Python</arg>
<doc>Waits until ``text`` appears on the current page.</doc>
<status status="PASS" starttime="20220308 20:11:01.921" endtime="20220308 20:11:01.959"/>
</kw>
<kw name="Sleep" library="BuiltIn">
<arg>4s</arg>
<doc>Pauses the test executed for the given time.</doc>
<msg timestamp="20220308 20:11:05.966" level="INFO">Slept 4 seconds</msg>
<status status="PASS" starttime="20220308 20:11:01.960" endtime="20220308 20:11:05.966"/>
</kw>
<kw name="Get WebElements" library="SeleniumLibrary">
<var>${searchresults}</var>
<arg>//*[@id='search']//following::h3//following::div/cite</arg>
<doc>Returns a list of WebElement objects matching the ``locator``.</doc>
<msg timestamp="20220308 20:11:06.047" level="INFO">${searchresults} = [&lt;selenium.webdriver.remote.webelement.WebElement (session="20445b008893d9c0f70390fd72df3a0c", element="a45592b0-1820-469d-bf30-ebc7cfd81fb1")&gt;, &lt;selenium.webdriver.remote.webelement.WebElement (sessi...</msg>
<status status="PASS" starttime="20220308 20:11:05.967" endtime="20220308 20:11:06.048"/>
</kw>
<for flavor="IN">
<var>${searchresult}</var>
<value>@{searchresults}</value>
<iter>
<var name="${searchresult}">&lt;selenium.webdriver.remote.webelement.WebElement (session="20445b008893d9c0f70390fd72df3a0c", element="a45592b0-1820-469d-bf30-ebc7cfd81fb1")&gt;</var>
<kw name="Get Text" library="SeleniumLibrary">
<var>${search}</var>
<arg>${searchresult}</arg>
<doc>Returns the text value of the element identified by ``locator``.</doc>
<msg timestamp="20220308 20:11:06.060" level="INFO">${search} = https://www.python.org</msg>
<status status="PASS" starttime="20220308 20:11:06.048" endtime="20220308 20:11:06.060"/>
</kw>
<kw name="Log To Console" library="BuiltIn">
<arg>${search}</arg>
<doc>Logs the given message to the console.</doc>
<status status="PASS" starttime="20220308 20:11:06.060" endtime="20220308 20:11:06.060"/>
</kw>
<status status="PASS" starttime="20220308 20:11:06.048" endtime="20220308 20:11:06.060"/>
</iter>
<iter>
<var name="${searchresult}">&lt;selenium.webdriver.remote.webelement.WebElement (session="20445b008893d9c0f70390fd72df3a0c", element="cd0d43ba-a35b-4e97-80bd-5af8e219bc52")&gt;</var>
<kw name="Get Text" library="SeleniumLibrary">
<var>${search}</var>
<arg>${searchresult}</arg>
<doc>Returns the text value of the element identified by ``locator``.</doc>
<msg timestamp="20220308 20:11:06.071" level="INFO">${search} = </msg>
<status status="PASS" starttime="20220308 20:11:06.061" endtime="20220308 20:11:06.071"/>
</kw>
<kw name="Log To Console" library="BuiltIn">
<arg>${search}</arg>
<doc>Logs the given message to the console.</doc>
<status status="PASS" starttime="20220308 20:11:06.071" endtime="20220308 20:11:06.071"/>
</kw>
<status status="PASS" starttime="20220308 20:11:06.061" endtime="20220308 20:11:06.071"/>
</iter>
<iter>
<var name="${searchresult}">&lt;selenium.webdriver.remote.webelement.WebElement (session="20445b008893d9c0f70390fd72df3a0c", element="405de04e-45ce-456f-9e28-7327335551ad")&gt;</var>
<kw name="Get Text" library="SeleniumLibrary">
<var>${search}</var>
<arg>${searchresult}</arg>
<doc>Returns the text value of the element identified by ``locator``.</doc>
<msg timestamp="20220308 20:11:06.082" level="INFO">${search} = https://www.w3schools.com › python</msg>
<status status="PASS" starttime="20220308 20:11:06.072" endtime="20220308 20:11:06.082"/>
</kw>
<kw name="Log To Console" library="BuiltIn">
<arg>${search}</arg>
<doc>Logs the given message to the console.</doc>
<status status="PASS" starttime="20220308 20:11:06.082" endtime="20220308 20:11:06.083"/>
</kw>
<status status="PASS" starttime="20220308 20:11:06.071" endtime="20220308 20:11:06.083"/>
</iter>
<iter>
<var name="${searchresult}">&lt;selenium.webdriver.remote.webelement.WebElement (session="20445b008893d9c0f70390fd72df3a0c", element="3079923d-60d0-4f95-9138-551d1937b232")&gt;</var>
<kw name="Get Text" library="SeleniumLibrary">
<var>${search}</var>
<arg>${searchresult}</arg>
<doc>Returns the text value of the element identified by ``locator``.</doc>
<msg timestamp="20220308 20:11:06.092" level="INFO">${search} = </msg>
<status status="PASS" starttime="20220308 20:11:06.083" endtime="20220308 20:11:06.092"/>
</kw>
<kw name="Log To Console" library="BuiltIn">
<arg>${search}</arg>
<doc>Logs the given message to the console.</doc>
<status status="PASS" starttime="20220308 20:11:06.092" endtime="20220308 20:11:06.092"/>
</kw>
<status status="PASS" starttime="20220308 20:11:06.083" endtime="20220308 20:11:06.092"/>
</iter>
<iter>
<var name="${searchresult}">&lt;selenium.webdriver.remote.webelement.WebElement (session="20445b008893d9c0f70390fd72df3a0c", element="ad9c618c-5433-4297-a349-46c4fde91046")&gt;</var>
<kw name="Get Text" library="SeleniumLibrary">
<var>${search}</var>
<arg>${searchresult}</arg>
<doc>Returns the text value of the element identified by ``locator``.</doc>
<msg timestamp="20220308 20:11:06.105" level="INFO">${search} = </msg>
<status status="PASS" starttime="20220308 20:11:06.093" endtime="20220308 20:11:06.105"/>
</kw>
<kw name="Log To Console" library="BuiltIn">
<arg>${search}</arg>
<doc>Logs the given message to the console.</doc>
<status status="PASS" starttime="20220308 20:11:06.105" endtime="20220308 20:11:06.105"/>
</kw>
<status status="PASS" starttime="20220308 20:11:06.093" endtime="20220308 20:11:06.105"/>
</iter>
<iter>
<var name="${searchresult}">&lt;selenium.webdriver.remote.webelement.WebElement (session="20445b008893d9c0f70390fd72df3a0c", element="85a7df4b-3efb-45b8-8023-5cb5dbae426c")&gt;</var>
<kw name="Get Text" library="SeleniumLibrary">
<var>${search}</var>
<arg>${searchresult}</arg>
<doc>Returns the text value of the element identified by ``locator``.</doc>
<msg timestamp="20220308 20:11:06.114" level="INFO">${search} = </msg>
<status status="PASS" starttime="20220308 20:11:06.105" endtime="20220308 20:11:06.114"/>
</kw>
<kw name="Log To Console" library="BuiltIn">
<arg>${search}</arg>
<doc>Logs the given message to the console.</doc>
<status status="PASS" starttime="20220308 20:11:06.114" endtime="20220308 20:11:06.115"/>
</kw>
<status status="PASS" starttime="20220308 20:11:06.105" endtime="20220308 20:11:06.115"/>
</iter>
<iter>
<var name="${searchresult}">&lt;selenium.webdriver.remote.webelement.WebElement (session="20445b008893d9c0f70390fd72df3a0c", element="46553d86-facd-4aaa-82b2-007be18748b6")&gt;</var>
<kw name="Get Text" library="SeleniumLibrary">
<var>${search}</var>
<arg>${searchresult}</arg>
<doc>Returns the text value of the element identified by ``locator``.</doc>
<msg timestamp="20220308 20:11:06.123" level="INFO">${search} = </msg>
<status status="PASS" starttime="20220308 20:11:06.115" endtime="20220308 20:11:06.124"/>
</kw>
<kw name="Log To Console" library="BuiltIn">
<arg>${search}</arg>
<doc>Logs the given message to the console.</doc>
<status status="PASS" starttime="20220308 20:11:06.124" endtime="20220308 20:11:06.124"/>
</kw>
<status status="PASS" starttime="20220308 20:11:06.115" endtime="20220308 20:11:06.124"/>
</iter>
<iter>
<var name="${searchresult}">&lt;selenium.webdriver.remote.webelement.WebElement (session="20445b008893d9c0f70390fd72df3a0c", element="205d7ff5-9da1-4728-8023-cbc4d2b0f28c")&gt;</var>
<kw name="Get Text" library="SeleniumLibrary">
<var>${search}</var>
<arg>${searchresult}</arg>
<doc>Returns the text value of the element identified by ``locator``.</doc>
<msg timestamp="20220308 20:11:06.137" level="INFO">${search} = </msg>
<status status="PASS" starttime="20220308 20:11:06.124" endtime="20220308 20:11:06.137"/>
</kw>
<kw name="Log To Console" library="BuiltIn">
<arg>${search}</arg>
<doc>Logs the given message to the console.</doc>
<status status="PASS" starttime="20220308 20:11:06.137" endtime="20220308 20:11:06.138"/>
</kw>
<status status="PASS" starttime="20220308 20:11:06.124" endtime="20220308 20:11:06.138"/>
</iter>
<iter>
<var name="${searchresult}">&lt;selenium.webdriver.remote.webelement.WebElement (session="20445b008893d9c0f70390fd72df3a0c", element="1e11b648-8184-43d1-9622-a96031b4d6a3")&gt;</var>
<kw name="Get Text" library="SeleniumLibrary">
<var>${search}</var>
<arg>${searchresult}</arg>
<doc>Returns the text value of the element identified by ``locator``.</doc>
<msg timestamp="20220308 20:11:06.147" level="INFO">${search} = </msg>
<status status="PASS" starttime="20220308 20:11:06.138" endtime="20220308 20:11:06.147"/>
</kw>
<kw name="Log To Console" library="BuiltIn">
<arg>${search}</arg>
<doc>Logs the given message to the console.</doc>
<status status="PASS" starttime="20220308 20:11:06.147" endtime="20220308 20:11:06.148"/>
</kw>
<status status="PASS" starttime="20220308 20:11:06.138" endtime="20220308 20:11:06.148"/>
</iter>
<iter>
<var name="${searchresult}">&lt;selenium.webdriver.remote.webelement.WebElement (session="20445b008893d9c0f70390fd72df3a0c", element="bbcca005-5f0b-46a5-8d38-cc6807cf5094")&gt;</var>
<kw name="Get Text" library="SeleniumLibrary">
<var>${search}</var>
<arg>${searchresult}</arg>
<doc>Returns the text value of the element identified by ``locator``.</doc>
<msg timestamp="20220308 20:11:06.158" level="INFO">${search} = </msg>
<status status="PASS" starttime="20220308 20:11:06.148" endtime="20220308 20:11:06.158"/>
</kw>
<kw name="Log To Console" library="BuiltIn">
<arg>${search}</arg>
<doc>Logs the given message to the console.</doc>
<status status="PASS" starttime="20220308 20:11:06.158" endtime="20220308 20:11:06.159"/>
</kw>
<status status="PASS" starttime="20220308 20:11:06.148" endtime="20220308 20:11:06.159"/>
</iter>
<iter>
<var name="${searchresult}">&lt;selenium.webdriver.remote.webelement.WebElement (session="20445b008893d9c0f70390fd72df3a0c", element="481fb779-9501-42eb-9402-b0bee45229b7")&gt;</var>
<kw name="Get Text" library="SeleniumLibrary">
<var>${search}</var>
<arg>${searchresult}</arg>
<doc>Returns the text value of the element identified by ``locator``.</doc>
<msg timestamp="20220308 20:11:06.168" level="INFO">${search} = </msg>
<status status="PASS" starttime="20220308 20:11:06.159" endtime="20220308 20:11:06.168"/>
</kw>
<kw name="Log To Console" library="BuiltIn">
<arg>${search}</arg>
<doc>Logs the given message to the console.</doc>
<status status="PASS" starttime="20220308 20:11:06.169" endtime="20220308 20:11:06.169"/>
</kw>
<status status="PASS" starttime="20220308 20:11:06.159" endtime="20220308 20:11:06.169"/>
</iter>
<iter>
<var name="${searchresult}">&lt;selenium.webdriver.remote.webelement.WebElement (session="20445b008893d9c0f70390fd72df3a0c", element="4e60eabb-9795-4a93-871e-565f53f2b50b")&gt;</var>
<kw name="Get Text" library="SeleniumLibrary">
<var>${search}</var>
<arg>${searchresult}</arg>
<doc>Returns the text value of the element identified by ``locator``.</doc>
<msg timestamp="20220308 20:11:06.178" level="INFO">${search} = </msg>
<status status="PASS" starttime="20220308 20:11:06.169" endtime="20220308 20:11:06.178"/>
</kw>
<kw name="Log To Console" library="BuiltIn">
<arg>${search}</arg>
<doc>Logs the given message to the console.</doc>
<status status="PASS" starttime="20220308 20:11:06.178" endtime="20220308 20:11:06.179"/>
</kw>
<status status="PASS" starttime="20220308 20:11:06.169" endtime="20220308 20:11:06.179"/>
</iter>
<iter>
<var name="${searchresult}">&lt;selenium.webdriver.remote.webelement.WebElement (session="20445b008893d9c0f70390fd72df3a0c", element="6a51715d-59cc-4f45-8554-ddc0b0960820")&gt;</var>
<kw name="Get Text" library="SeleniumLibrary">
<var>${search}</var>
<arg>${searchresult}</arg>
<doc>Returns the text value of the element identified by ``locator``.</doc>
<msg timestamp="20220308 20:11:06.190" level="INFO">${search} = https://en.wikipedia.org › wiki › Python_(programming...</msg>
<status status="PASS" starttime="20220308 20:11:06.179" endtime="20220308 20:11:06.190"/>
</kw>
<kw name="Log To Console" library="BuiltIn">
<arg>${search}</arg>
<doc>Logs the given message to the console.</doc>
<status status="PASS" starttime="20220308 20:11:06.190" endtime="20220308 20:11:06.191"/>
</kw>
<status status="PASS" starttime="20220308 20:11:06.179" endtime="20220308 20:11:06.191"/>
</iter>
<iter>
<var name="${searchresult}">&lt;selenium.webdriver.remote.webelement.WebElement (session="20445b008893d9c0f70390fd72df3a0c", element="54388026-d203-44ff-936c-355a5ab7aa54")&gt;</var>
<kw name="Get Text" library="SeleniumLibrary">
<var>${search}</var>
<arg>${searchresult}</arg>
<doc>Returns the text value of the element identified by ``locator``.</doc>
<msg timestamp="20220308 20:11:06.200" level="INFO">${search} = </msg>
<status status="PASS" starttime="20220308 20:11:06.191" endtime="20220308 20:11:06.200"/>
</kw>
<kw name="Log To Console" library="BuiltIn">
<arg>${search}</arg>
<doc>Logs the given message to the console.</doc>
<status status="PASS" starttime="20220308 20:11:06.200" endtime="20220308 20:11:06.200"/>
</kw>
<status status="PASS" starttime="20220308 20:11:06.191" endtime="20220308 20:11:06.200"/>
</iter>
<iter>
<var name="${searchresult}">&lt;selenium.webdriver.remote.webelement.WebElement (session="20445b008893d9c0f70390fd72df3a0c", element="7e82c224-23f0-47ac-85b4-18b37158be89")&gt;</var>
<kw name="Get Text" library="SeleniumLibrary">
<var>${search}</var>
<arg>${searchresult}</arg>
<doc>Returns the text value of the element identified by ``locator``.</doc>
<msg timestamp="20220308 20:11:06.212" level="INFO">${search} = https://www.tutorialspoint.com › python</msg>
<status status="PASS" starttime="20220308 20:11:06.201" endtime="20220308 20:11:06.212"/>
</kw>
<kw name="Log To Console" library="BuiltIn">
<arg>${search}</arg>
<doc>Logs the given message to the console.</doc>
<status status="PASS" starttime="20220308 20:11:06.212" endtime="20220308 20:11:06.213"/>
</kw>
<status status="PASS" starttime="20220308 20:11:06.201" endtime="20220308 20:11:06.213"/>
</iter>
<iter>
<var name="${searchresult}">&lt;selenium.webdriver.remote.webelement.WebElement (session="20445b008893d9c0f70390fd72df3a0c", element="b8bfe82a-9dab-4c97-b6d8-731905e4bd73")&gt;</var>
<kw name="Get Text" library="SeleniumLibrary">
<var>${search}</var>
<arg>${searchresult}</arg>
<doc>Returns the text value of the element identified by ``locator``.</doc>
<msg timestamp="20220308 20:11:06.223" level="INFO">${search} = </msg>
<status status="PASS" starttime="20220308 20:11:06.213" endtime="20220308 20:11:06.223"/>
</kw>
<kw name="Log To Console" library="BuiltIn">
<arg>${search}</arg>
<doc>Logs the given message to the console.</doc>
<status status="PASS" starttime="20220308 20:11:06.223" endtime="20220308 20:11:06.223"/>
</kw>
<status status="PASS" starttime="20220308 20:11:06.213" endtime="20220308 20:11:06.224"/>
</iter>
<iter>
<var name="${searchresult}">&lt;selenium.webdriver.remote.webelement.WebElement (session="20445b008893d9c0f70390fd72df3a0c", element="b5eed6d9-fa06-417e-94fe-5a426263abb7")&gt;</var>
<kw name="Get Text" library="SeleniumLibrary">
<var>${search}</var>
<arg>${searchresult}</arg>
<doc>Returns the text value of the element identified by ``locator``.</doc>
<msg timestamp="20220308 20:11:06.235" level="INFO">${search} = https://www.codecademy.com › catalog › language › p...</msg>
<status status="PASS" starttime="20220308 20:11:06.224" endtime="20220308 20:11:06.235"/>
</kw>
<kw name="Log To Console" library="BuiltIn">
<arg>${search}</arg>
<doc>Logs the given message to the console.</doc>
<status status="PASS" starttime="20220308 20:11:06.236" endtime="20220308 20:11:06.236"/>
</kw>
<status status="PASS" starttime="20220308 20:11:06.224" endtime="20220308 20:11:06.236"/>
</iter>
<iter>
<var name="${searchresult}">&lt;selenium.webdriver.remote.webelement.WebElement (session="20445b008893d9c0f70390fd72df3a0c", element="255a1683-ef36-4f27-9243-f5cceeb366ab")&gt;</var>
<kw name="Get Text" library="SeleniumLibrary">
<var>${search}</var>
<arg>${searchresult}</arg>
<doc>Returns the text value of the element identified by ``locator``.</doc>
<msg timestamp="20220308 20:11:06.245" level="INFO">${search} = </msg>
<status status="PASS" starttime="20220308 20:11:06.237" endtime="20220308 20:11:06.245"/>
</kw>
<kw name="Log To Console" library="BuiltIn">
<arg>${search}</arg>
<doc>Logs the given message to the console.</doc>
<status status="PASS" starttime="20220308 20:11:06.245" endtime="20220308 20:11:06.246"/>
</kw>
<status status="PASS" starttime="20220308 20:11:06.236" endtime="20220308 20:11:06.246"/>
</iter>
<iter>
<var name="${searchresult}">&lt;selenium.webdriver.remote.webelement.WebElement (session="20445b008893d9c0f70390fd72df3a0c", element="7fc45d9e-b027-4022-b732-51e0c87a18ca")&gt;</var>
<kw name="Get Text" library="SeleniumLibrary">
<var>${search}</var>
<arg>${searchresult}</arg>
<doc>Returns the text value of the element identified by ``locator``.</doc>
<msg timestamp="20220308 20:11:06.258" level="INFO">${search} = https://www.programiz.com › python-programming › o...</msg>
<status status="PASS" starttime="20220308 20:11:06.246" endtime="20220308 20:11:06.258"/>
</kw>
<kw name="Log To Console" library="BuiltIn">
<arg>${search}</arg>
<doc>Logs the given message to the console.</doc>
<status status="PASS" starttime="20220308 20:11:06.258" endtime="20220308 20:11:06.259"/>
</kw>
<status status="PASS" starttime="20220308 20:11:06.246" endtime="20220308 20:11:06.259"/>
</iter>
<iter>
<var name="${searchresult}">&lt;selenium.webdriver.remote.webelement.WebElement (session="20445b008893d9c0f70390fd72df3a0c", element="a46e4487-5e8e-44c4-ba67-0cb475bce098")&gt;</var>
<kw name="Get Text" library="SeleniumLibrary">
<var>${search}</var>
<arg>${searchresult}</arg>
<doc>Returns the text value of the element identified by ``locator``.</doc>
<msg timestamp="20220308 20:11:06.268" level="INFO">${search} = </msg>
<status status="PASS" starttime="20220308 20:11:06.259" endtime="20220308 20:11:06.268"/>
</kw>
<kw name="Log To Console" library="BuiltIn">
<arg>${search}</arg>
<doc>Logs the given message to the console.</doc>
<status status="PASS" starttime="20220308 20:11:06.268" endtime="20220308 20:11:06.269"/>
</kw>
<status status="PASS" starttime="20220308 20:11:06.259" endtime="20220308 20:11:06.269"/>
</iter>
<iter>
<var name="${searchresult}">&lt;selenium.webdriver.remote.webelement.WebElement (session="20445b008893d9c0f70390fd72df3a0c", element="48bd55fa-e645-425f-9f3b-607077197c11")&gt;</var>
<kw name="Get Text" library="SeleniumLibrary">
<var>${search}</var>
<arg>${searchresult}</arg>
<doc>Returns the text value of the element identified by ``locator``.</doc>
<msg timestamp="20220308 20:11:06.278" level="INFO">${search} = </msg>
<status status="PASS" starttime="20220308 20:11:06.269" endtime="20220308 20:11:06.278"/>
</kw>
<kw name="Log To Console" library="BuiltIn">
<arg>${search}</arg>
<doc>Logs the given message to the console.</doc>
<status status="PASS" starttime="20220308 20:11:06.278" endtime="20220308 20:11:06.279"/>
</kw>
<status status="PASS" starttime="20220308 20:11:06.269" endtime="20220308 20:11:06.279"/>
</iter>
<iter>
<var name="${searchresult}">&lt;selenium.webdriver.remote.webelement.WebElement (session="20445b008893d9c0f70390fd72df3a0c", element="000ae503-587c-48a8-b46f-906e3bce7e6b")&gt;</var>
<kw name="Get Text" library="SeleniumLibrary">
<var>${search}</var>
<arg>${searchresult}</arg>
<doc>Returns the text value of the element identified by ``locator``.</doc>
<msg timestamp="20220308 20:11:06.290" level="INFO">${search} = </msg>
<status status="PASS" starttime="20220308 20:11:06.279" endtime="20220308 20:11:06.290"/>
</kw>
<kw name="Log To Console" library="BuiltIn">
<arg>${search}</arg>
<doc>Logs the given message to the console.</doc>
<status status="PASS" starttime="20220308 20:11:06.290" endtime="20220308 20:11:06.290"/>
</kw>
<status status="PASS" starttime="20220308 20:11:06.279" endtime="20220308 20:11:06.290"/>
</iter>
<iter>
<var name="${searchresult}">&lt;selenium.webdriver.remote.webelement.WebElement (session="20445b008893d9c0f70390fd72df3a0c", element="5293bd73-0105-4a2a-ba6a-48c4cff19d5f")&gt;</var>
<kw name="Get Text" library="SeleniumLibrary">
<var>${search}</var>
<arg>${searchresult}</arg>
<doc>Returns the text value of the element identified by ``locator``.</doc>
<msg timestamp="20220308 20:11:06.299" level="INFO">${search} = </msg>
<status status="PASS" starttime="20220308 20:11:06.290" endtime="20220308 20:11:06.299"/>
</kw>
<kw name="Log To Console" library="BuiltIn">
<arg>${search}</arg>
<doc>Logs the given message to the console.</doc>
<status status="PASS" starttime="20220308 20:11:06.299" endtime="20220308 20:11:06.300"/>
</kw>
<status status="PASS" starttime="20220308 20:11:06.290" endtime="20220308 20:11:06.300"/>
</iter>
<iter>
<var name="${searchresult}">&lt;selenium.webdriver.remote.webelement.WebElement (session="20445b008893d9c0f70390fd72df3a0c", element="1eb7c88a-96a0-428a-b344-36ae597233a9")&gt;</var>
<kw name="Get Text" library="SeleniumLibrary">
<var>${search}</var>
<arg>${searchresult}</arg>
<doc>Returns the text value of the element identified by ``locator``.</doc>
<msg timestamp="20220308 20:11:06.309" level="INFO">${search} = </msg>
<status status="PASS" starttime="20220308 20:11:06.300" endtime="20220308 20:11:06.309"/>
</kw>
<kw name="Log To Console" library="BuiltIn">
<arg>${search}</arg>
<doc>Logs the given message to the console.</doc>
<status status="PASS" starttime="20220308 20:11:06.309" endtime="20220308 20:11:06.309"/>
</kw>
<status status="PASS" starttime="20220308 20:11:06.300" endtime="20220308 20:11:06.309"/>
</iter>
<iter>
<var name="${searchresult}">&lt;selenium.webdriver.remote.webelement.WebElement (session="20445b008893d9c0f70390fd72df3a0c", element="014300bb-4aab-484d-bd3c-87002130c8d2")&gt;</var>
<kw name="Get Text" library="SeleniumLibrary">
<var>${search}</var>
<arg>${searchresult}</arg>
<doc>Returns the text value of the element identified by ``locator``.</doc>
<msg timestamp="20220308 20:11:06.320" level="INFO">${search} = </msg>
<status status="PASS" starttime="20220308 20:11:06.309" endtime="20220308 20:11:06.320"/>
</kw>
<kw name="Log To Console" library="BuiltIn">
<arg>${search}</arg>
<doc>Logs the given message to the console.</doc>
<status status="PASS" starttime="20220308 20:11:06.320" endtime="20220308 20:11:06.320"/>
</kw>
<status status="PASS" starttime="20220308 20:11:06.309" endtime="20220308 20:11:06.320"/>
</iter>
<iter>
<var name="${searchresult}">&lt;selenium.webdriver.remote.webelement.WebElement (session="20445b008893d9c0f70390fd72df3a0c", element="08323466-d7b8-4396-b168-6550ba60cb81")&gt;</var>
<kw name="Get Text" library="SeleniumLibrary">
<var>${search}</var>
<arg>${searchresult}</arg>
<doc>Returns the text value of the element identified by ``locator``.</doc>
<msg timestamp="20220308 20:11:06.329" level="INFO">${search} = </msg>
<status status="PASS" starttime="20220308 20:11:06.320" endtime="20220308 20:11:06.329"/>
</kw>
<kw name="Log To Console" library="BuiltIn">
<arg>${search}</arg>
<doc>Logs the given message to the console.</doc>
<status status="PASS" starttime="20220308 20:11:06.329" endtime="20220308 20:11:06.329"/>
</kw>
<status status="PASS" starttime="20220308 20:11:06.320" endtime="20220308 20:11:06.329"/>
</iter>
<iter>
<var name="${searchresult}">&lt;selenium.webdriver.remote.webelement.WebElement (session="20445b008893d9c0f70390fd72df3a0c", element="5495e8b0-4261-4e41-820e-d238d08b3e34")&gt;</var>
<kw name="Get Text" library="SeleniumLibrary">
<var>${search}</var>
<arg>${searchresult}</arg>
<doc>Returns the text value of the element identified by ``locator``.</doc>
<msg timestamp="20220308 20:11:06.338" level="INFO">${search} = </msg>
<status status="PASS" starttime="20220308 20:11:06.330" endtime="20220308 20:11:06.338"/>
</kw>
<kw name="Log To Console" library="BuiltIn">
<arg>${search}</arg>
<doc>Logs the given message to the console.</doc>
<status status="PASS" starttime="20220308 20:11:06.338" endtime="20220308 20:11:06.338"/>
</kw>
<status status="PASS" starttime="20220308 20:11:06.330" endtime="20220308 20:11:06.338"/>
</iter>
<iter>
<var name="${searchresult}">&lt;selenium.webdriver.remote.webelement.WebElement (session="20445b008893d9c0f70390fd72df3a0c", element="23815495-820c-4463-a558-ad8d347bc6d7")&gt;</var>
<kw name="Get Text" library="SeleniumLibrary">
<var>${search}</var>
<arg>${searchresult}</arg>
<doc>Returns the text value of the element identified by ``locator``.</doc>
<msg timestamp="20220308 20:11:06.348" level="INFO">${search} = </msg>
<status status="PASS" starttime="20220308 20:11:06.338" endtime="20220308 20:11:06.348"/>
</kw>
<kw name="Log To Console" library="BuiltIn">
<arg>${search}</arg>
<doc>Logs the given message to the console.</doc>
<status status="PASS" starttime="20220308 20:11:06.348" endtime="20220308 20:11:06.348"/>
</kw>
<status status="PASS" starttime="20220308 20:11:06.338" endtime="20220308 20:11:06.349"/>
</iter>
<status status="PASS" starttime="20220308 20:11:06.048" endtime="20220308 20:11:06.349"/>
</for>
<kw name="Close Browser" library="SeleniumLibrary">
<doc>Closes the current browser.</doc>
<status status="PASS" starttime="20220308 20:11:06.349" endtime="20220308 20:11:08.469"/>
</kw>
<doc>As a user I can enter the text 'Python',search for it &amp; log them in console</doc>
<status status="PASS" starttime="20220308 20:10:49.699" endtime="20220308 20:11:08.471"/>
</test>
<doc>This is a basic test</doc>
<status status="PASS" starttime="20220308 20:10:39.672" endtime="20220308 20:11:08.475"/>
</suite>
<statistics>
<total>
<stat pass="2" fail="0" skip="0">All Tests</stat>
</total>
<tag>
</tag>
<suite>
<stat pass="2" fail="0" skip="0" id="s1" name="Search">Search</stat>
</suite>
</statistics>
<errors>
</errors>
</robot>
