<?xml version="1.0" encoding="UTF-8"?>
<robot generator="Robot 4.1.3 (Python 3.9.7 on win32)" generated="20220307 12:56:35.965" rpa="false" schemaversion="2">
<suite id="s1" name="Search" source="C:\Users\sarsharm11\PycharmProjects\first-script\Search.robot">
<test id="s1-t1" name="User to open page">
<kw name="Open Browser" library="SeleniumLibrary">
<arg>${URL}</arg>
<arg>${BROWSER}</arg>
<doc>Opens a new browser instance to the optional ``url``.</doc>
<msg timestamp="20220307 12:56:36.212" level="INFO">Opening browser 'chrome' to base url 'https://www.google.com'.</msg>
<status status="PASS" starttime="20220307 12:56:36.211" endtime="20220307 12:56:43.124"/>
</kw>
<kw name="Wait Until Page Contains" library="SeleniumLibrary">
<arg>${url}</arg>
<doc>Waits until ``text`` appears on the current page.</doc>
<status status="PASS" starttime="20220307 12:56:43.125" endtime="20220307 12:56:43.149"/>
</kw>
<kw name="Close Browser" library="SeleniumLibrary">
<doc>Closes the current browser.</doc>
<status status="PASS" starttime="20220307 12:56:43.150" endtime="20220307 12:56:45.347"/>
</kw>
<doc>As a user I can open the google search page</doc>
<status status="PASS" starttime="20220307 12:56:36.210" endtime="20220307 12:56:45.349"/>
</test>
<test id="s1-t2" name="User to enter text in the Search box">
<kw name="Open Browser" library="SeleniumLibrary">
<arg>${URL}</arg>
<arg>${browser}</arg>
<doc>Opens a new browser instance to the optional ``url``.</doc>
<msg timestamp="20220307 12:56:45.355" level="INFO">Opening browser 'chrome' to base url 'https://www.google.com'.</msg>
<status status="PASS" starttime="20220307 12:56:45.354" endtime="20220307 12:56:52.037"/>
</kw>
<kw name="Wait Until Page Contains" library="SeleniumLibrary">
<arg>${URL}</arg>
<doc>Waits until ``text`` appears on the current page.</doc>
<status status="PASS" starttime="20220307 12:56:52.038" endtime="20220307 12:56:52.058"/>
</kw>
<kw name="Input Text" library="SeleniumLibrary">
<arg>${text}</arg>
<arg>Python</arg>
<doc>Types the given ``text`` into the text field identified by ``locator``.</doc>
<msg timestamp="20220307 12:56:52.059" level="INFO">Typing text 'Python' into text field 'xpath=//input[@title="Search"]'.</msg>
<status status="PASS" starttime="20220307 12:56:52.058" endtime="20220307 12:56:52.213"/>
</kw>
<kw name="Press Keys" library="SeleniumLibrary">
<arg>${text}</arg>
<arg>RETURN</arg>
<doc>Simulates the user pressing key(s) to an element or on the active browser.</doc>
<msg timestamp="20220307 12:56:52.214" level="INFO">Sending key(s) ('RETURN',) to xpath=//input[@title="Search"] element.</msg>
<msg timestamp="20220307 12:56:52.512" level="INFO">Pressing special key RETURN to element.</msg>
<msg timestamp="20220307 12:56:52.512" level="INFO">Releasing special key RETURN.</msg>
<status status="PASS" starttime="20220307 12:56:52.214" endtime="20220307 12:56:58.137"/>
</kw>
<kw name="Wait Until Page Contains" library="SeleniumLibrary">
<arg>Python</arg>
<doc>Waits until ``text`` appears on the current page.</doc>
<status status="PASS" starttime="20220307 12:56:58.138" endtime="20220307 12:56:58.196"/>
</kw>
<kw name="Sleep" library="BuiltIn">
<arg>5s</arg>
<doc>Pauses the test executed for the given time.</doc>
<msg timestamp="20220307 12:57:03.202" level="INFO">Slept 5 seconds</msg>
<status status="PASS" starttime="20220307 12:56:58.196" endtime="20220307 12:57:03.202"/>
</kw>
<kw name="Close Browser" library="SeleniumLibrary">
<doc>Closes the current browser.</doc>
<status status="PASS" starttime="20220307 12:57:03.203" endtime="20220307 12:57:05.423"/>
</kw>
<doc>As a user I can enter the text 'Python' and search for it</doc>
<status status="PASS" starttime="20220307 12:56:45.353" endtime="20220307 12:57:05.425"/>
</test>
<doc>This is a basic test</doc>
<status status="PASS" starttime="20220307 12:56:35.971" endtime="20220307 12:57:05.428"/>
</suite>
<statistics>
<total>
<stat pass="2" fail="0" skip="0">All Tests</stat>
</total>
<tag>
</tag>
<suite>
<stat pass="2" fail="0" skip="0" id="s1" name="Search">Search</stat>
</suite>
</statistics>
<errors>
</errors>
</robot>
